<?xml version="1.0" encoding="UTF-8"?>
<!-- Generated by org.testng.reporters.JUnitReportReporter -->
<testsuite skipped="0" hostname="DESKTOP-C01PVB3" name="com.testcases.ProjectsPageTest" tests="1" failures="0" timestamp="30 Jan 2020 10:00:21 GMT" time="45.419" errors="0">
  <testcase name="verify_Add_Detail_spec_to_the_project_Test" time="45.419" classname="com.testcases.ProjectsPageTest"/>
</testsuite> <!-- com.testcases.ProjectsPageTest -->
