<?xml version="1.0" encoding="UTF-8"?>
<!-- Generated by org.testng.reporters.JUnitReportReporter -->
<testsuite skipped="0" hostname="DESKTOP-PDLJJ09" name="com.testcases.CasesPageTest" tests="1" failures="0" timestamp="03 Dec 2018 05:40:34 GMT" time="18.230" errors="0">
  <testcase name="verify_Change_Case_status_to_Resolved_Test" time="18.230" classname="com.testcases.CasesPageTest"/>
</testsuite> <!-- com.testcases.CasesPageTest -->
