<?xml version="1.0" encoding="UTF-8"?>
<!-- Generated by org.testng.reporters.JUnitReportReporter -->
<testsuite skipped="0" hostname="DESKTOP-PDLJJ09" name="com.testcases.DashBoardPageTest" tests="1" failures="0" timestamp="04 Nov 2018 02:21:25 GMT" time="35.627" errors="0">
  <testcase name="verify_Add_required_options_to_KPI_boards_Test" time="35.627" classname="com.testcases.DashBoardPageTest"/>
</testsuite> <!-- com.testcases.DashBoardPageTest -->
