<?xml version="1.0" encoding="UTF-8"?>
<!-- Generated by org.testng.reporters.JUnitReportReporter -->
<testsuite skipped="0" hostname="DESKTOP-C01PVB3" name="com.testcases.AnalysePageTest" tests="1" failures="0" timestamp="17 Feb 2020 12:26:38 GMT" time="44.420" errors="0">
  <testcase name="verify_Saved_failed_message_for_the_duplicate_report_creation_Test" time="44.420" classname="com.testcases.AnalysePageTest"/>
</testsuite> <!-- com.testcases.AnalysePageTest -->
