<?xml version="1.0" encoding="UTF-8"?>
<!-- Generated by org.testng.reporters.JUnitReportReporter -->
<testsuite skipped="0" hostname="DESKTOP-JVC3DQI" name="com.testcases.CapturePageTest" tests="1" failures="0" timestamp="07 Aug 2018 09:40:33 GMT" time="41.393" errors="0">
  <testcase name="Activity_Questionnaire_Test" time="41.393" classname="com.testcases.CapturePageTest"/>
</testsuite> <!-- com.testcases.CapturePageTest -->
