<?xml version="1.0" encoding="UTF-8"?>
<!-- Generated by org.testng.reporters.JUnitReportReporter -->
<testsuite skipped="0" hostname="DESKTOP-PDLJJ09" name="com.testcases.OpportunitiesPageTest" tests="1" failures="0" timestamp="03 Dec 2018 10:49:02 GMT" time="43.766" errors="0">
  <testcase name="verify_Complete_activity_Reopen_Activity_and_Delete_Activity_Test" time="43.766" classname="com.testcases.OpportunitiesPageTest"/>
</testsuite> <!-- com.testcases.OpportunitiesPageTest -->
