<?xml version="1.0" encoding="UTF-8"?>
<!-- Generated by org.testng.reporters.JUnitReportReporter -->
<testsuite skipped="0" hostname="DESKTOP-C01PVB3" name="com.testcases.DataCapturePageTest" tests="1" failures="0" timestamp="15 Apr 2020 07:25:34 GMT" time="64.115" errors="0">
  <testcase name="verify_Capture_Activity_Questionnaire_Test" time="64.115" classname="com.testcases.DataCapturePageTest"/>
</testsuite> <!-- com.testcases.DataCapturePageTest -->
