<?xml version="1.0" encoding="UTF-8"?>
<!-- Generated by org.testng.reporters.JUnitReportReporter -->
<testsuite skipped="0" hostname="DESKTOP-C01PVB3" name="com.testcases.AdvancedSearchPageTest" tests="1" failures="0" timestamp="03 Apr 2020 06:26:15 GMT" time="66.874" errors="0">
  <testcase name="verify_Filter_by_Tag_option_Test" time="66.874" classname="com.testcases.AdvancedSearchPageTest"/>
</testsuite> <!-- com.testcases.AdvancedSearchPageTest -->
