<?xml version="1.0" encoding="UTF-8"?>
<!-- Generated by org.testng.reporters.JUnitReportReporter -->
<testsuite skipped="1" hostname="DESKTOP-C01PVB3" name="com.testcases.MyNetworkListPageTest" tests="2" failures="0" timestamp="18 Feb 2020 08:50:44 GMT" time="66.202" errors="0">
  <testcase name="Create_Industry_Alliance_Network_Test" time="66.202" classname="com.testcases.MyNetworkListPageTest"/>
  <testcase name="Prompt_message_for_unknown_network_search_Test" classname="com.testcases.MyNetworkListPageTest">
    <skipped/>
  </testcase> <!-- Prompt_message_for_unknown_network_search_Test -->
</testsuite> <!-- com.testcases.MyNetworkListPageTest -->
