<?xml version="1.0" encoding="UTF-8"?>
<!-- Generated by org.testng.reporters.JUnitReportReporter -->
<testsuite skipped="0" hostname="DESKTOP-JVC3DQI" name="com.testcases.BuildPageTest" tests="1" failures="0" timestamp="07 Aug 2018 10:44:34 GMT" time="38.770" errors="0">
  <testcase name="set_main_folder_permission_to_VIEW_and_verify_the_same_applied_to_newly_added_subfolders_Test" time="38.770" classname="com.testcases.BuildPageTest"/>
</testsuite> <!-- com.testcases.BuildPageTest -->
