<?xml version="1.0" encoding="UTF-8"?>
<!-- Generated by org.testng.reporters.JUnitReportReporter -->
<testsuite skipped="0" hostname="DESKTOP-PDLJJ09" name="com.testcases.ActivitiesPageTest" tests="1" failures="0" timestamp="03 Dec 2018 12:08:22 GMT" time="55.635" errors="0">
  <testcase name="verify_List_of_Late_Activities_Test" time="55.635" classname="com.testcases.ActivitiesPageTest"/>
</testsuite> <!-- com.testcases.ActivitiesPageTest -->
