<?xml version="1.0" encoding="UTF-8"?>
<!-- Generated by org.testng.reporters.JUnitReportReporter -->
<testsuite skipped="0" hostname="DESKTOP-C01PVB3" name="com.testcases.ProductsPageTest" tests="1" failures="0" timestamp="18 Mar 2020 09:25:32 GMT" time="50.576" errors="0">
  <testcase name="verify_Upload_Template_Test" time="50.576" classname="com.testcases.ProductsPageTest"/>
</testsuite> <!-- com.testcases.ProductsPageTest -->
