<?xml version="1.0" encoding="UTF-8"?>
<!-- Generated by org.testng.reporters.JUnitReportReporter -->
<testsuite skipped="0" hostname="DESKTOP-C01PVB3" name="com.testcases.MapPageTest" tests="1" failures="0" timestamp="15 Apr 2020 07:05:12 GMT" time="64.114" errors="0">
  <testcase name="verify_Add_tag_to_the_company_from_map_Test" time="64.114" classname="com.testcases.MapPageTest"/>
</testsuite> <!-- com.testcases.MapPageTest -->
