<?xml version="1.0" encoding="UTF-8"?>
<!-- Generated by org.testng.reporters.JUnitReportReporter -->
<testsuite skipped="0" hostname="DESKTOP-JVC3DQI" name="com.testcases.ActionPageTest" tests="6" failures="0" timestamp="27 Jun 2018 09:02:41 GMT" time="255.664" errors="0">
  <testcase name="Add_Comment_Upload_Picture_Delete_ActionTest" time="45.069" classname="com.testcases.ActionPageTest"/>
  <testcase name="Complete_And_Reopen_ActivityTest" time="65.421" classname="com.testcases.ActionPageTest"/>
  <testcase name="Actions_Upcoming_To_Late_FunctionalityTest" time="40.032" classname="com.testcases.ActionPageTest"/>
  <testcase name="ActionPage_TitleTest" time="32.284" classname="com.testcases.ActionPageTest"/>
  <testcase name="Actions_Late_To_Upcoming_FunctionalityTest" time="40.843" classname="com.testcases.ActionPageTest"/>
  <testcase name="Filter_Option_Results" time="32.015" classname="com.testcases.ActionPageTest"/>
</testsuite> <!-- com.testcases.ActionPageTest -->
