<?xml version="1.0" encoding="UTF-8"?>
<!-- Generated by org.testng.reporters.JUnitReportReporter -->
<testsuite skipped="0" hostname="DESKTOP-PDLJJ09" name="com.testcases.ExplorePageTest" tests="1" failures="0" timestamp="09 Jan 2019 08:37:01 GMT" time="35.942" errors="0">
  <testcase name="verify_Map_contains_companies_and_enable_map_settings" time="35.942" classname="com.testcases.ExplorePageTest"/>
</testsuite> <!-- com.testcases.ExplorePageTest -->
