<?xml version="1.0" encoding="UTF-8"?>
<!-- Generated by org.testng.reporters.JUnitReportReporter -->
<testsuite skipped="0" hostname="DESKTOP-C01PVB3" name="com.testcases.NetworkDashBoardPageTest" tests="1" failures="0" timestamp="15 Apr 2020 07:07:31 GMT" time="100.250" errors="0">
  <testcase name="verify_Add_and_Remove_tags_from_the_company_Test" time="100.250" classname="com.testcases.NetworkDashBoardPageTest"/>
</testsuite> <!-- com.testcases.NetworkDashBoardPageTest -->
