<?xml version="1.0" encoding="UTF-8"?>
<!-- Generated by org.testng.reporters.JUnitReportReporter -->
<testsuite skipped="0" hostname="DESKTOP-C01PVB3" name="com.testcases.SettingsPageTest" tests="1" failures="0" timestamp="15 Apr 2020 08:47:25 GMT" time="114.987" errors="0">
  <testcase name="mandatory_Name_For_CapabilityGroup_Test" time="114.987" classname="com.testcases.SettingsPageTest"/>
</testsuite> <!-- com.testcases.SettingsPageTest -->
