<?xml version="1.0" encoding="UTF-8"?>
<!-- Generated by org.testng.reporters.JUnitReportReporter -->
<testsuite skipped="0" hostname="DESKTOP-C01PVB3" name="com.testcases.TenderPageTest" tests="1" failures="0" timestamp="15 Apr 2020 07:57:44 GMT" time="58.689" errors="0">
  <testcase name="createTender_Test" time="58.689" classname="com.testcases.TenderPageTest"/>
</testsuite> <!-- com.testcases.TenderPageTest -->
