<?xml version="1.0" encoding="UTF-8"?>
<!-- Generated by org.testng.reporters.JUnitReportReporter -->
<testsuite skipped="0" hostname="DESKTOP-C01PVB3" name="com.testcases.ServicesPageTest" tests="1" failures="0" timestamp="18 Mar 2020 09:40:59 GMT" time="49.651" errors="0">
  <testcase name="verify_Upload_Template_Test" time="49.651" classname="com.testcases.ServicesPageTest"/>
</testsuite> <!-- com.testcases.ServicesPageTest -->
