<?xml version="1.0" encoding="UTF-8"?>
<!-- Generated by org.testng.reporters.JUnitReportReporter -->
<testsuite skipped="0" hostname="DESKTOP-PDLJJ09" name="com.testcases.CompaniesPageTest" tests="1" failures="0" timestamp="04 Dec 2018 12:52:25 GMT" time="39.385" errors="0">
  <testcase name="verify_Delete_Opportunity_Test" time="39.385" classname="com.testcases.CompaniesPageTest"/>
</testsuite> <!-- com.testcases.CompaniesPageTest -->
